<?xml version="1.0" encoding="UTF-8"?>
<!-- Generated by org.testng.reporters.JUnitXMLReporter -->
<testsuite ignored="0" hostname="POL-6MXJDB3" failures="0" tests="5" name="com.FirstTest" time="6.526" errors="0" timestamp="2023-02-03T14:45:00 CET">
  <testcase classname="MiroTest" name="INTERIA" time="2.845"/>
  <testcase classname="MiroTest" name="WP" time="3.271"/>
  <testcase classname="MiroTest" name="CHIP" time="3.306"/>
  <testcase classname="MiroTest" name="GOOGLE" time="3.611"/>
  <testcase classname="MiroTest" name="ONET" time="4.73"/>
</testsuite> <!-- com.FirstTest -->
