<?xml version="1.0" encoding="UTF-8"?>
<testng-results ignored="0" total="5" passed="5" failed="0" skipped="0">
  <reporter-output>
  </reporter-output>
  <suite started-at="2023-02-03T14:44:54 CET" name="Suite" finished-at="2023-02-03T14:45:00 CET" duration-ms="6526">
    <groups>
    </groups>
    <test started-at="2023-02-03T14:44:54 CET" name="com.FirstTest" finished-at="2023-02-03T14:45:00 CET" duration-ms="6526">
      <class name="MiroTest">
        <test-method is-config="true" signature="setup(java.lang.String)[pri:0, instance:MiroTest@2a32de6c]" started-at="2023-02-03T14:44:54 CET" name="setup" finished-at="2023-02-03T14:44:55 CET" duration-ms="1687" status="PASS">
          <params>
            <param index="0">
              <value>
                <![CDATA[chrome]]>
              </value>
            </param>
          </params>
          <reporter-output>
          </reporter-output>
        </test-method> <!-- setup -->
        <test-method is-config="true" signature="setup(java.lang.String)[pri:0, instance:MiroTest@2a32de6c]" started-at="2023-02-03T14:44:54 CET" name="setup" finished-at="2023-02-03T14:44:56 CET" duration-ms="1719" status="PASS">
          <params>
            <param index="0">
              <value>
                <![CDATA[chrome]]>
              </value>
            </param>
          </params>
          <reporter-output>
          </reporter-output>
        </test-method> <!-- setup -->
        <test-method is-config="true" signature="setup(java.lang.String)[pri:0, instance:MiroTest@2a32de6c]" started-at="2023-02-03T14:44:54 CET" name="setup" finished-at="2023-02-03T14:44:55 CET" duration-ms="1446" status="PASS">
          <params>
            <param index="0">
              <value>
                <![CDATA[chrome]]>
              </value>
            </param>
          </params>
          <reporter-output>
          </reporter-output>
        </test-method> <!-- setup -->
        <test-method is-config="true" signature="setup(java.lang.String)[pri:0, instance:MiroTest@2a32de6c]" started-at="2023-02-03T14:44:54 CET" name="setup" finished-at="2023-02-03T14:44:55 CET" duration-ms="1628" status="PASS">
          <params>
            <param index="0">
              <value>
                <![CDATA[chrome]]>
              </value>
            </param>
          </params>
          <reporter-output>
          </reporter-output>
        </test-method> <!-- setup -->
        <test-method is-config="true" signature="setup(java.lang.String)[pri:0, instance:MiroTest@2a32de6c]" started-at="2023-02-03T14:44:54 CET" name="setup" finished-at="2023-02-03T14:44:55 CET" duration-ms="1665" status="PASS">
          <params>
            <param index="0">
              <value>
                <![CDATA[chrome]]>
              </value>
            </param>
          </params>
          <reporter-output>
          </reporter-output>
        </test-method> <!-- setup -->
        <test-method signature="WP()[pri:0, instance:MiroTest@2a32de6c]" started-at="2023-02-03T14:44:55 CET" name="WP" finished-at="2023-02-03T14:44:59 CET" duration-ms="3271" status="PASS">
          <reporter-output>
          </reporter-output>
        </test-method> <!-- WP -->
        <test-method signature="INTERIA()[pri:0, instance:MiroTest@2a32de6c]" started-at="2023-02-03T14:44:55 CET" name="INTERIA" finished-at="2023-02-03T14:44:58 CET" duration-ms="2845" status="PASS">
          <reporter-output>
          </reporter-output>
        </test-method> <!-- INTERIA -->
        <test-method signature="GOOGLE()[pri:0, instance:MiroTest@2a32de6c]" started-at="2023-02-03T14:44:55 CET" name="GOOGLE" finished-at="2023-02-03T14:44:59 CET" duration-ms="3611" status="PASS">
          <reporter-output>
          </reporter-output>
        </test-method> <!-- GOOGLE -->
        <test-method signature="CHIP()[pri:0, instance:MiroTest@2a32de6c]" started-at="2023-02-03T14:44:55 CET" name="CHIP" finished-at="2023-02-03T14:44:59 CET" duration-ms="3306" status="PASS">
          <reporter-output>
          </reporter-output>
        </test-method> <!-- CHIP -->
        <test-method signature="ONET()[pri:0, instance:MiroTest@2a32de6c]" started-at="2023-02-03T14:44:56 CET" name="ONET" finished-at="2023-02-03T14:45:00 CET" duration-ms="4730" status="PASS">
          <reporter-output>
          </reporter-output>
        </test-method> <!-- ONET -->
        <test-method is-config="true" signature="tearDown()[pri:0, instance:MiroTest@2a32de6c]" started-at="2023-02-03T14:44:58 CET" name="tearDown" finished-at="2023-02-03T14:44:58 CET" duration-ms="131" status="PASS">
          <reporter-output>
          </reporter-output>
        </test-method> <!-- tearDown -->
        <test-method is-config="true" signature="tearDown()[pri:0, instance:MiroTest@2a32de6c]" started-at="2023-02-03T14:44:59 CET" name="tearDown" finished-at="2023-02-03T14:44:59 CET" duration-ms="63" status="PASS">
          <reporter-output>
          </reporter-output>
        </test-method> <!-- tearDown -->
        <test-method is-config="true" signature="tearDown()[pri:0, instance:MiroTest@2a32de6c]" started-at="2023-02-03T14:44:59 CET" name="tearDown" finished-at="2023-02-03T14:44:59 CET" duration-ms="67" status="PASS">
          <reporter-output>
          </reporter-output>
        </test-method> <!-- tearDown -->
        <test-method is-config="true" signature="tearDown()[pri:0, instance:MiroTest@2a32de6c]" started-at="2023-02-03T14:44:59 CET" name="tearDown" finished-at="2023-02-03T14:44:59 CET" duration-ms="59" status="PASS">
          <reporter-output>
          </reporter-output>
        </test-method> <!-- tearDown -->
        <test-method is-config="true" signature="tearDown()[pri:0, instance:MiroTest@2a32de6c]" started-at="2023-02-03T14:45:00 CET" name="tearDown" finished-at="2023-02-03T14:45:00 CET" duration-ms="61" status="PASS">
          <reporter-output>
          </reporter-output>
        </test-method> <!-- tearDown -->
        <test-method is-config="true" signature="terminate()[pri:0, instance:MiroTest@2a32de6c]" started-at="2023-02-03T14:45:00 CET" name="terminate" finished-at="2023-02-03T14:45:00 CET" duration-ms="0" status="PASS">
          <reporter-output>
          </reporter-output>
        </test-method> <!-- terminate -->
      </class> <!-- MiroTest -->
    </test> <!-- com.FirstTest -->
  </suite> <!-- Suite -->
</testng-results>
