<?xml version="1.0" encoding="UTF-8"?>
<testsuite xmlns:xsi="http://www.w3.org/2001/XMLSchema-instance" xsi:noNamespaceSchemaLocation="https://maven.apache.org/surefire/maven-surefire-plugin/xsd/surefire-test-report-3.0.xsd" version="3.0" name="TestSuite" time="6.762" tests="5" errors="0" skipped="0" failures="0">
  <properties>
[...]
</properties>
  <testcase name="INTERIA" classname="MiroTest" time="2.758">
    <system-out><![CDATA[Wp Test Started! Thread Id: 21
Interia Test Started! Thread Id: 20
Google Test Started! Thread Id: 19
Chip Test Started! Thread Id: 23
Onet Test Started! Thread Id: 22
Interia Test's Page title is: Interia - Polska i świat: informacje, sport, gwiazdy. Thread Id: 20
Interia Test Ended! Thread Id: 20
Test Mira: Interia - Polska i świat: informacje, sport, gwiazdy.	20
]]></system-out>
    <system-err><![CDATA[SLF4J: Failed to load class "org.slf4j.impl.StaticLoggerBinder".
SLF4J: Defaulting to no-operation (NOP) logger implementation
SLF4J: See http://www.slf4j.org/codes.html#StaticLoggerBinder for further details.
Starting ChromeDriverS 1t0a9r.t0i.n5g41 4C.7h4r o(me7ecD5r7i0v3e6r04 d1a0a99.c0c.152481c4c.f745 a(5ed73ce599730531630745d8a9a193c-cr1Se2tfa8scr/ctbifr5naagn 5cCdh3h-erho9em9ae3dD5s1r/3iv755e4r8149 @11{30#9-1.r10e7.f2s5}4/)b1 4ro.ann7 4cph o(-rhete7 ac1d537s80/553446
10O44n@dla{y#a 19l1coc7ca21l} 2)c8 ocnocnfne 5capt5oidrot3ne s 91a69r03e59 61a3l
7loO5wn8e9ldy1. 3l-
orPlecefaalss/ ecb soreanenn cehchtt-thipseo:an/ds/sc /h5ar4rom1ee 4da@rl{i#lv1oer1w.7ec2dh}.r)o
 moPilnume .paooserr tg s/e1s4ee4 c0hut8rtip
tOsy-n:cl/oy/n cslhiordocermaaelt dircoionnvs enfero.crtc hisuroSgontgmsae irsauttmriin.eog on arsClgh l/rosoonewm eeckDduer.reiivpte
iyrPn -gl1c e0Cao9hns.rse0o i.mds5e4eeD1re4ri .av7h4ett rti( opesns7acs:f5/ e7/f.0oc3hr6
r 04sodmuaega9dgcercsi12tv8eicrocnf.5scah 5rodon3e m9ki9eu3me5p.1oi37rn5gg8/ 9s1C3he-crruoefrmsie/tDbryra-invcchoe-rnh seasidads/ef5re4.aS1t4t@i
{ao#rn1ts1i7 n2fg}o )Cr h ornso umpgeogDrerts itv4i7eo3rn7 5s1 0o
9n.O 0nk.el5ye4p 1il4.no7gc4a  Cl(h erc7ooc5mn7ne0eD3cr6ti04vidoearna9s c scaa1rf2ee8. cacl
fl5ao5wde3de.99
3P5l1e3a7s5e8 9s1e3e -hrtetfpss/b:r/a/ncchhr-ohmeeaddrsi/v5e4r1.4c@h{r#o1m1i72u}m). oorng /psoerctu r3i1t7y8-7co
nOsnildyer altoicoanls  cfoonrn escutgigoensst iaoren sa lolno wkeede.pin
gP lCehraosmee Drsievee r hstatfpe.s:
//chromedriver.chromium.org/security-considerations for suggestions on keeping ChromeDriver safe.
ChromeDriver was started successfully.
ChromeDriver was started successfully.
ChromeDriver was started successfully.
ChromeDriver was started successfully.
ChromeDriver was started successfully.
lut 03, 2023 2:44:55 PM org.openqa.selenium.remote.ProtocolHandshake createSession
INFO: Detected dialect: W3C
lut 03, 2023 2:44:55 PM org.openqa.selenium.remote.ProtocolHandshake createSession
INFO: Detected dialect: W3C
lut 03, 2023 2:44:55 PM org.openqa.selenium.remote.ProtocolHandshake createSession
INFO: Detected dialect: W3C
lut 03, 2023 2:44:55 PM org.openqa.selenium.remote.ProtocolHandshake createSession
INFO: Detected dialect: W3C
lut 03, 2023 2:44:56 PM org.openqa.selenium.remote.ProtocolHandshake createSession
INFO: Detected dialect: W3C
]]></system-err>
  </testcase>
  <testcase name="WP" classname="MiroTest" time="3.001">
    <system-out><![CDATA[Wp Test's Page title is: Wirtualna Polska - Wszystko co ważne - www.wp.pl Thread Id: 21
Wp Test Ended! Thread Id: 21
Test Mira: Wirtualna Polska - Wszystko co ważne - www.wp.pl	21
]]></system-out>
  </testcase>
  <testcase name="CHIP" classname="MiroTest" time="3.274">
    <system-out><![CDATA[Chip Test's Page title is: Interia - Polska i świat: informacje, sport, gwiazdy. Thread Id: 23
Chip Test Ended! Thread Id: 23
Test Mira: Interia - Polska i świat: informacje, sport, gwiazdy.	23
]]></system-out>
  </testcase>
  <testcase name="GOOGLE" classname="MiroTest" time="3.557">
    <system-out><![CDATA[Google Test's Page title is: Google Thread Id: 19
Google Test Ended! Thread Id: 19
Test Mira: Google	19
]]></system-out>
  </testcase>
  <testcase name="ONET" classname="MiroTest" time="4.73">
    <system-out><![CDATA[Onet Test's Page title is: Onet – Jesteś na bieżąco Thread Id: 22
Onet Test Ended! Thread Id: 22
Test Mira: Onet – Jesteś na bieżąco	22
]]></system-out>
  </testcase>
</testsuite>